   0	3.771e+10
   1	1.489e+05
   2	    1174
   3	   1.276
   4	 0.05532
   5	4.493e-05
   6	4.908e-07
   7	5.932e-10
   8	8.881e-28
==================== TIMER SUMMARY =========================================
label               	calls     	total time	mean time 
----------------------------------------------
           cg_solver	         1	     1.269	     1.269
                main	         1	     1.328	     1.328
============================================================================
   0	1.963e+13
   1	2.403e+06
   2	9.609e+05
   3	1.41e+05
   4	    7687
   5	    3070
   6	   63.67
   7	   9.627
   8	   4.314
   9	2.542e-12
  10	2.018e-19
==================== TIMER SUMMARY =========================================
label               	calls     	total time	mean time 
----------------------------------------------
           cg_solver	         1	     1.549	     1.549
                main	         1	     1.609	     1.609
============================================================================
   0	3.771e+10
   1	1.489e+05
   2	    1174
   3	   1.276
   4	 0.05532
   5	4.493e-05
   6	4.908e-07
   7	5.932e-10
   8	8.881e-28
==================== TIMER SUMMARY =========================================
label               	calls     	total time	mean time 
----------------------------------------------
           cg_solver	         1	     1.266	     1.266
                main	         1	     1.323	     1.323
============================================================================
   0	1.963e+13
   1	2.403e+06
   2	9.609e+05
   3	1.41e+05
   4	    7687
   5	    3070
   6	   63.67
   7	   9.627
   8	   4.314
   9	2.544e-12
  10	1.994e-19
==================== TIMER SUMMARY =========================================
label               	calls     	total time	mean time 
----------------------------------------------
           cg_solver	         1	     1.525	     1.525
                main	         1	     1.585	     1.585
============================================================================
